<testsuites id="" name="" tests="1" failures="1" skipped="0" errors="0" time="0.24917599999999998">
<testsuite name="electron-app.spec.ts" timestamp="2025-09-16T19:47:51.014Z" hostname="chromium" tests="1" failures="1" skipped="0" time="0.022" errors="0">
<testcase name="Electron App Basic Functionality › should launch Electron app successfully" classname="electron-app.spec.ts" time="0.022">
<failure message="electron-app.spec.ts:31:7 should launch Electron app successfully" type="FAILURE">
<![CDATA[  [chromium] › electron-app.spec.ts:31:7 › Electron App Basic Functionality › should launch Electron app successfully 

    Error: Process failed to launch!
]]>
</failure>
</testcase>
</testsuite>
</testsuites>